{
  "stats": {
    "suites": 1,
    "tests": 1,
    "passes": 0,
    "pending": 0,
    "failures": 1,
    "start": "2024-05-06T21:48:12.594Z",
    "end": "2024-05-06T21:49:18.608Z",
    "duration": 66014,
    "testsRegistered": 1,
    "passPercent": 0,
    "pendingPercent": 0,
    "other": 0,
    "hasOther": false,
    "skipped": 0,
    "hasSkipped": false
  },
  "results": [
    {
      "uuid": "8207bfbf-def6-49f9-acc9-559ac569a8c5",
      "title": "",
      "fullFile": "cypress\\e2e\\addproducttocart.cy.js",
      "file": "cypress\\e2e\\addproducttocart.cy.js",
      "beforeHooks": [],
      "afterHooks": [],
      "tests": [],
      "suites": [
        {
          "uuid": "f6f82a37-9f7f-45a7-9368-e4f72cf17956",
          "title": "Launch Website Address",
          "fullFile": "",
          "file": "",
          "beforeHooks": [],
          "afterHooks": [],
          "tests": [
            {
              "title": "Add To Cart",
              "fullTitle": "Launch Website Address Add To Cart",
              "timedOut": null,
              "duration": 60506,
              "state": "failed",
              "speed": null,
              "pass": false,
              "fail": true,
              "pending": false,
              "context": null,
              "code": "//1. The user visits the address\ncy.visit('https://www.automationexercise.com');\n//1a. User verifies they went to the right address\ncy.get('.active > :nth-child(1) > h1', {\n  timeout: 5000\n}).should('contain', 'AutomationExercise');\n// cy.wait(3000)\n//2. The user clicks on the “Cart” icon from the header.\ncy.contains('Cart').click({\n  force: true\n});\n//2a. Verify that the shopping cart is empty at the moment\ncy.get('b').should('contain', 'Cart is empty!');\n//3. The user clicks on the Product on the header\ncy.contains('Products').click({\n  force: true\n});\n//3a. click on the T-shirt option under the men option\ncy.get(':nth-child(2) > .panel-heading > .panel-title > a').click({\n  force: true\n});\ncy.wait(3000);\n//Click T-shirt\ncy.get('#Men > .panel-body > ul > :nth-child(1) > a').click({\n  force: true\n});\ncy.wait(3000);\n//3b. Add 3 Random Products to the cart\n//Add Product 1\ncy.get(':nth-child(3) > .product-image-wrapper > .single-products > .productinfo > .btn').click({\n  force: true\n});\n//Confirm the 1st product has been added to cart\ncy.get('.modal-body > :nth-child(1)').should('contain', 'Your product has been added to cart.');\n//click on continue shopping to add product 2\ncy.get('.modal-footer > .btn').click({\n  force: true\n});\ncy.wait(3000);\n//Add Product 2\ncy.get(':nth-child(4) > .product-image-wrapper > .single-products > .productinfo > .btn').click({\n  force: true\n});\n//Confirm the 2nd product has been added to cart\ncy.get('.modal-body > :nth-child(1)').should('contain', 'Your product has been added to cart.');\n//click on continue shopping to add product 3\ncy.get('.modal-footer > .btn').click({\n  force: true\n});\ncy.wait(3000);\n//Add Product 3\ncy.get(':nth-child(5) > .product-image-wrapper > .single-products > .productinfo > .btn').click({\n  force: true\n});\n//Confirm the 3rd product has been added to cart\ncy.get('.modal-body > :nth-child(1)').should('contain', 'Your product has been added to cart.');\ncy.wait(3000);\n//3c. Click View Cart button in the pop-up\ncy.get('u').click({\n  force: true\n});\n//3d. confirm that click on View Cart redirects the user to the cart page\ncy.url().should('eq', 'https://www.automationexercise.com/view_cart');\n//3e. verify there are items in the cart and they all have amounts\ncy.get('.description').should('be.visible');\ncy.get('.price').should('be.visible');\n//confirm the agent wallet balance is visible on the dashboard\nconst product1 = '#product-2 > .cart_description > h4 > a';\ncy.get(product1).should('be.visible');\nconst price1 = '#product-2 > .cart_price > p';\ncy.get(price1).should('be.visible');\nif (cy.get('.description').length === 0) {\n  throw new Error('No product 1 in Cart');\n} else {\n  // Log the text content of the element\n  cy.get('.description').invoke('text').then(text => {\n    cy.log('Product Name:' + ' ' + product1);\n    cy.log('Price' + ' ' + price1);\n  });\n}",
              "err": {
                "message": "CypressError: Timed out after waiting `60000ms` for your remote page to load.\n\nYour page did not fire its `load` event within `60000ms`.\n\nYou can try increasing the `pageLoadTimeout` value in `cypress.config.js` to wait longer.\n\nBrowsers will not fire the `load` event until all stylesheets and scripts are done downloading.\n\nWhen this `load` event occurs, Cypress will continue running commands.",
                "estack": "CypressError: Timed out after waiting `60000ms` for your remote page to load.\n\nYour page did not fire its `load` event within `60000ms`.\n\nYou can try increasing the `pageLoadTimeout` value in `cypress.config.js` to wait longer.\n\nBrowsers will not fire the `load` event until all stylesheets and scripts are done downloading.\n\nWhen this `load` event occurs, Cypress will continue running commands.\n    at timedOutWaitingForPageLoad (https://www.automationexercise.com/__cypress/runner/cypress_runner.js:130108:64)\n    at <unknown> (https://www.automationexercise.com/__cypress/runner/cypress_runner.js:131094:16)\n    at tryCatcher (https://www.automationexercise.com/__cypress/runner/cypress_runner.js:1807:23)\n    at <unknown> (https://www.automationexercise.com/__cypress/runner/cypress_runner.js:4186:41)\n    at tryCatcher (https://www.automationexercise.com/__cypress/runner/cypress_runner.js:1807:23)\n    at Promise._settlePromiseFromHandler (https://www.automationexercise.com/__cypress/runner/cypress_runner.js:1519:31)\n    at Promise._settlePromise (https://www.automationexercise.com/__cypress/runner/cypress_runner.js:1576:18)\n    at Promise._settlePromise0 (https://www.automationexercise.com/__cypress/runner/cypress_runner.js:1621:10)\n    at Promise._settlePromises (https://www.automationexercise.com/__cypress/runner/cypress_runner.js:1697:18)\n    at _drainQueueStep (https://www.automationexercise.com/__cypress/runner/cypress_runner.js:2407:12)\n    at _drainQueue (https://www.automationexercise.com/__cypress/runner/cypress_runner.js:2400:9)\n    at Async._drainQueues (https://www.automationexercise.com/__cypress/runner/cypress_runner.js:2416:5)\n    at Async.drainQueues (https://www.automationexercise.com/__cypress/runner/cypress_runner.js:2286:14)\nFrom Your Spec Code:\n    at Context.eval (webpack://featuremind/./cypress/e2e/addproducttocart.cy.js:7:7)",
                "diff": null
              },
              "uuid": "7fa9a128-d0e6-4578-89d2-baeb0b75c8c9",
              "parentUUID": "f6f82a37-9f7f-45a7-9368-e4f72cf17956",
              "isHook": false,
              "skipped": false
            }
          ],
          "suites": [],
          "passes": [],
          "failures": [
            "7fa9a128-d0e6-4578-89d2-baeb0b75c8c9"
          ],
          "pending": [],
          "skipped": [],
          "duration": 60506,
          "root": false,
          "rootEmpty": false,
          "_timeout": 2000
        }
      ],
      "passes": [],
      "failures": [],
      "pending": [],
      "skipped": [],
      "duration": 0,
      "root": true,
      "rootEmpty": true,
      "_timeout": 2000
    }
  ],
  "meta": {
    "mocha": {
      "version": "7.0.1"
    },
    "mochawesome": {
      "options": {
        "quiet": false,
        "reportFilename": "mochawesome",
        "saveHtml": false,
        "saveJson": true,
        "consoleReporter": "spec",
        "useInlineDiffs": false,
        "code": true
      },
      "version": "7.1.3"
    },
    "marge": {
      "options": {
        "charts": true,
        "overwrite": false,
        "html": false,
        "json": true,
        "reportDir": "cypress/reports",
        "chromeWebSecurity": false
      },
      "version": "6.2.0"
    }
  }
}